<?xml version="1.0" encoding="UTF-8"?>
<!-- Generated by org.testng.reporters.JUnitXMLReporter -->
<testsuite hostname="IEVL565" ignored="0" name="work_ua-register" tests="6" failures="1" timestamp="2019-09-24T19:19:50 EEST" time="30.113" errors="0">
  <testcase name="CheckValidationOfRegisterForm" time="1.313" classname="test.WorkUaRegisterTest"/>
  <testcase name="CheckValidationOfRegisterForm" time="0.865" classname="test.WorkUaRegisterTest"/>
  <testcase name="CheckValidationOfRegisterForm" time="0.719" classname="test.WorkUaRegisterTest"/>
  <testcase name="CheckValidationOfRegisterForm" time="0.58" classname="test.WorkUaRegisterTest">
    <failure type="java.lang.AssertionError" message="expected [Будь ласка, введіть ваш пароль1.] but found [Будь ласка, введіть ваш пароль.]">
      <![CDATA[java.lang.AssertionError: expected [Будь ласка, введіть ваш пароль1.] but found [Будь ласка, введіть ваш пароль.]
at test.WorkUaRegisterTest.CheckValidationOfRegisterForm(WorkUaRegisterTest.java:47)
at java.util.concurrent.ThreadPoolExecutor.runWorker(ThreadPoolExecutor.java:1149)
at java.util.concurrent.ThreadPoolExecutor$Worker.run(ThreadPoolExecutor.java:624)
at java.lang.Thread.run(Thread.java:748)
... Removed 17 stack frames]]>
    </failure>
  </testcase> <!-- CheckValidationOfRegisterForm -->
  <testcase name="CheckLoginWithEmptyFields" time="1.893" classname="test.WorkUaLoginTest"/>
  <testcase name="setRightEmailAndemptyPassword" time="0.774" classname="test.WorkUaLoginTest"/>
</testsuite> <!-- work_ua-register -->
