<?xml version="1.0" encoding="UTF-8"?>
<testng-results skipped="0" failed="1" ignored="0" total="6" passed="5">
  <reporter-output>
  </reporter-output>
  <suite name="My test suite1" duration-ms="30113" started-at="2019-09-24T19:19:20 EEST" finished-at="2019-09-24T19:19:50 EEST">
    <groups>
    </groups>
    <test name="work_ua-register" duration-ms="30113" started-at="2019-09-24T19:19:20 EEST" finished-at="2019-09-24T19:19:50 EEST">
      <class name="test.WorkUaLoginTest">
        <test-method status="PASS" signature="beforeSuite()[pri:0, instance:test.WorkUaLoginTest@40f33492]" name="beforeSuite" is-config="true" duration-ms="11693" started-at="2019-09-24T19:19:20 EEST" finished-at="2019-09-24T19:19:32 EEST">
          <reporter-output>
          </reporter-output>
        </test-method> <!-- beforeSuite -->
        <test-method status="PASS" signature="CheckLoginWithEmptyFields()[pri:0, instance:test.WorkUaLoginTest@40f33492]" name="CheckLoginWithEmptyFields" duration-ms="1893" started-at="2019-09-24T19:19:45 EEST" finished-at="2019-09-24T19:19:47 EEST">
          <reporter-output>
          </reporter-output>
        </test-method> <!-- CheckLoginWithEmptyFields -->
        <test-method status="PASS" signature="setRightEmailAndemptyPassword()[pri:0, instance:test.WorkUaLoginTest@40f33492]" name="setRightEmailAndemptyPassword" duration-ms="774" started-at="2019-09-24T19:19:47 EEST" finished-at="2019-09-24T19:19:48 EEST">
          <reporter-output>
          </reporter-output>
        </test-method> <!-- setRightEmailAndemptyPassword -->
        <test-method status="PASS" signature="AfterSuite()[pri:0, instance:test.WorkUaLoginTest@40f33492]" name="AfterSuite" is-config="true" duration-ms="1258" started-at="2019-09-24T19:19:48 EEST" finished-at="2019-09-24T19:19:49 EEST">
          <reporter-output>
          </reporter-output>
        </test-method> <!-- AfterSuite -->
      </class> <!-- test.WorkUaLoginTest -->
      <class name="test.WorkUaRegisterTest">
        <test-method status="PASS" signature="beforeSuite()[pri:0, instance:test.WorkUaRegisterTest@41200e0c]" name="beforeSuite" is-config="true" duration-ms="8997" started-at="2019-09-24T19:19:32 EEST" finished-at="2019-09-24T19:19:41 EEST">
          <reporter-output>
          </reporter-output>
        </test-method> <!-- beforeSuite -->
        <test-method status="PASS" signature="CheckValidationOfRegisterForm(java.lang.String, java.lang.String, java.lang.String, java.lang.String, java.lang.String, java.lang.String, java.lang.String, java.lang.String)[pri:0, instance:test.WorkUaRegisterTest@41200e0c]" name="CheckValidationOfRegisterForm" duration-ms="1313" started-at="2019-09-24T19:19:41 EEST" data-provider="dp1" finished-at="2019-09-24T19:19:42 EEST">
          <params>
            <param index="0">
              <value>
                <![CDATA[]]>
              </value>
            </param>
            <param index="1">
              <value>
                <![CDATA[]]>
              </value>
            </param>
            <param index="2">
              <value>
                <![CDATA[]]>
              </value>
            </param>
            <param index="3">
              <value>
                <![CDATA[]]>
              </value>
            </param>
            <param index="4">
              <value>
                <![CDATA[Будь ласка, вкажіть ім’я.]]>
              </value>
            </param>
            <param index="5">
              <value>
                <![CDATA[Будь ласка, вкажіть прізвище.]]>
              </value>
            </param>
            <param index="6">
              <value>
                <![CDATA[Будь ласка, введіть вашу ел. пошту.]]>
              </value>
            </param>
            <param index="7">
              <value>
                <![CDATA[Будь ласка, введіть ваш пароль.]]>
              </value>
            </param>
          </params>
          <reporter-output>
          </reporter-output>
        </test-method> <!-- CheckValidationOfRegisterForm -->
        <test-method status="PASS" signature="CheckValidationOfRegisterForm(java.lang.String, java.lang.String, java.lang.String, java.lang.String, java.lang.String, java.lang.String, java.lang.String, java.lang.String)[pri:0, instance:test.WorkUaRegisterTest@41200e0c]" name="CheckValidationOfRegisterForm" duration-ms="865" started-at="2019-09-24T19:19:42 EEST" data-provider="dp1" finished-at="2019-09-24T19:19:43 EEST">
          <params>
            <param index="0">
              <value>
                <![CDATA[Alex]]>
              </value>
            </param>
            <param index="1">
              <value>
                <![CDATA[]]>
              </value>
            </param>
            <param index="2">
              <value>
                <![CDATA[]]>
              </value>
            </param>
            <param index="3">
              <value>
                <![CDATA[]]>
              </value>
            </param>
            <param index="4">
              <value>
                <![CDATA[]]>
              </value>
            </param>
            <param index="5">
              <value>
                <![CDATA[Будь ласка, вкажіть прізвище.]]>
              </value>
            </param>
            <param index="6">
              <value>
                <![CDATA[Будь ласка, введіть вашу ел. пошту.]]>
              </value>
            </param>
            <param index="7">
              <value>
                <![CDATA[Будь ласка, введіть ваш пароль.]]>
              </value>
            </param>
          </params>
          <reporter-output>
          </reporter-output>
        </test-method> <!-- CheckValidationOfRegisterForm -->
        <test-method status="PASS" signature="CheckValidationOfRegisterForm(java.lang.String, java.lang.String, java.lang.String, java.lang.String, java.lang.String, java.lang.String, java.lang.String, java.lang.String)[pri:0, instance:test.WorkUaRegisterTest@41200e0c]" name="CheckValidationOfRegisterForm" duration-ms="719" started-at="2019-09-24T19:19:44 EEST" data-provider="dp1" finished-at="2019-09-24T19:19:44 EEST">
          <params>
            <param index="0">
              <value>
                <![CDATA[Alex]]>
              </value>
            </param>
            <param index="1">
              <value>
                <![CDATA[B]]>
              </value>
            </param>
            <param index="2">
              <value>
                <![CDATA[]]>
              </value>
            </param>
            <param index="3">
              <value>
                <![CDATA[]]>
              </value>
            </param>
            <param index="4">
              <value>
                <![CDATA[]]>
              </value>
            </param>
            <param index="5">
              <value>
                <![CDATA[]]>
              </value>
            </param>
            <param index="6">
              <value>
                <![CDATA[Будь ласка, введіть вашу ел. пошту.]]>
              </value>
            </param>
            <param index="7">
              <value>
                <![CDATA[Будь ласка, введіть ваш пароль.]]>
              </value>
            </param>
          </params>
          <reporter-output>
          </reporter-output>
        </test-method> <!-- CheckValidationOfRegisterForm -->
        <test-method status="FAIL" signature="CheckValidationOfRegisterForm(java.lang.String, java.lang.String, java.lang.String, java.lang.String, java.lang.String, java.lang.String, java.lang.String, java.lang.String)[pri:0, instance:test.WorkUaRegisterTest@41200e0c]" name="CheckValidationOfRegisterForm" duration-ms="580" started-at="2019-09-24T19:19:44 EEST" data-provider="dp1" finished-at="2019-09-24T19:19:45 EEST">
          <params>
            <param index="0">
              <value>
                <![CDATA[Alex]]>
              </value>
            </param>
            <param index="1">
              <value>
                <![CDATA[B]]>
              </value>
            </param>
            <param index="2">
              <value>
                <![CDATA[we]]>
              </value>
            </param>
            <param index="3">
              <value>
                <![CDATA[]]>
              </value>
            </param>
            <param index="4">
              <value>
                <![CDATA[]]>
              </value>
            </param>
            <param index="5">
              <value>
                <![CDATA[]]>
              </value>
            </param>
            <param index="6">
              <value>
                <![CDATA[Будь ласка, виправте помилку в ел. пошті.]]>
              </value>
            </param>
            <param index="7">
              <value>
                <![CDATA[Будь ласка, введіть ваш пароль1.]]>
              </value>
            </param>
          </params>
          <exception class="java.lang.AssertionError">
            <message>
              <![CDATA[expected [Будь ласка, введіть ваш пароль1.] but found [Будь ласка, введіть ваш пароль.]]]>
            </message>
            <full-stacktrace>
              <![CDATA[java.lang.AssertionError: expected [Будь ласка, введіть ваш пароль1.] but found [Будь ласка, введіть ваш пароль.]
at org.testng.Assert.fail(Assert.java:97)
at org.testng.Assert.assertEqualsImpl(Assert.java:136)
at org.testng.Assert.assertEquals(Assert.java:118)
at org.testng.Assert.assertEquals(Assert.java:575)
at org.testng.Assert.assertEquals(Assert.java:585)
at test.WorkUaRegisterTest.CheckValidationOfRegisterForm(WorkUaRegisterTest.java:47)
at sun.reflect.NativeMethodAccessorImpl.invoke0(Native Method)
at sun.reflect.NativeMethodAccessorImpl.invoke(NativeMethodAccessorImpl.java:62)
at sun.reflect.DelegatingMethodAccessorImpl.invoke(DelegatingMethodAccessorImpl.java:43)
at java.lang.reflect.Method.invoke(Method.java:498)
at org.testng.internal.MethodInvocationHelper.invokeMethod(MethodInvocationHelper.java:133)
at org.testng.internal.TestInvoker.invokeMethod(TestInvoker.java:584)
at org.testng.internal.TestInvoker.invokeTestMethod(TestInvoker.java:172)
at org.testng.internal.MethodRunner.runInSequence(MethodRunner.java:46)
at org.testng.internal.TestInvoker$MethodInvocationAgent.invoke(TestInvoker.java:804)
at org.testng.internal.TestInvoker.invokeTestMethods(TestInvoker.java:145)
at org.testng.internal.TestMethodWorker.invokeTestMethods(TestMethodWorker.java:146)
at org.testng.internal.TestMethodWorker.run(TestMethodWorker.java:128)
at java.util.concurrent.ThreadPoolExecutor.runWorker(ThreadPoolExecutor.java:1149)
at java.util.concurrent.ThreadPoolExecutor$Worker.run(ThreadPoolExecutor.java:624)
at java.lang.Thread.run(Thread.java:748)
]]>
            </full-stacktrace>
          </exception> <!-- java.lang.AssertionError -->
          <reporter-output>
          </reporter-output>
        </test-method> <!-- CheckValidationOfRegisterForm -->
        <test-method status="PASS" signature="AfterSuite()[pri:0, instance:test.WorkUaRegisterTest@41200e0c]" name="AfterSuite" is-config="true" duration-ms="1414" started-at="2019-09-24T19:19:49 EEST" finished-at="2019-09-24T19:19:50 EEST">
          <reporter-output>
          </reporter-output>
        </test-method> <!-- AfterSuite -->
      </class> <!-- test.WorkUaRegisterTest -->
    </test> <!-- work_ua-register -->
  </suite> <!-- My test suite1 -->
</testng-results>
