<?xml version="1.0" encoding="UTF-8"?>
<!-- Generated by org.testng.reporters.JUnitReportReporter -->
<testsuite skipped="0" hostname="IEVL565" name="test.WorkUaRegisterTest" tests="4" failures="1" timestamp="2019-09-24T19:19:50 EEST" time="3.477" errors="0">
  <testcase name="CheckValidationOfRegisterForm" time="0.719" classname="test.WorkUaRegisterTest"/>
  <testcase name="CheckValidationOfRegisterForm" time="1.313" classname="test.WorkUaRegisterTest"/>
  <testcase name="CheckValidationOfRegisterForm" time="0.580" classname="test.WorkUaRegisterTest">
    <failure type="java.lang.AssertionError" message="expected [Будь ласка, введіть ваш пароль1.] but found [Будь ласка, введіть ваш пароль.]">
      <![CDATA[java.lang.AssertionError: expected [Будь ласка, введіть ваш пароль1.] but found [Будь ласка, введіть ваш пароль.]
at org.testng.Assert.fail(Assert.java:97)
at org.testng.Assert.assertEqualsImpl(Assert.java:136)
at org.testng.Assert.assertEquals(Assert.java:118)
at org.testng.Assert.assertEquals(Assert.java:575)
at org.testng.Assert.assertEquals(Assert.java:585)
at test.WorkUaRegisterTest.CheckValidationOfRegisterForm(WorkUaRegisterTest.java:47)
at sun.reflect.NativeMethodAccessorImpl.invoke0(Native Method)
at sun.reflect.NativeMethodAccessorImpl.invoke(NativeMethodAccessorImpl.java:62)
at sun.reflect.DelegatingMethodAccessorImpl.invoke(DelegatingMethodAccessorImpl.java:43)
at java.lang.reflect.Method.invoke(Method.java:498)
at org.testng.internal.MethodInvocationHelper.invokeMethod(MethodInvocationHelper.java:133)
at org.testng.internal.TestInvoker.invokeMethod(TestInvoker.java:584)
at org.testng.internal.TestInvoker.invokeTestMethod(TestInvoker.java:172)
at org.testng.internal.MethodRunner.runInSequence(MethodRunner.java:46)
at org.testng.internal.TestInvoker$MethodInvocationAgent.invoke(TestInvoker.java:804)
at org.testng.internal.TestInvoker.invokeTestMethods(TestInvoker.java:145)
at org.testng.internal.TestMethodWorker.invokeTestMethods(TestMethodWorker.java:146)
at org.testng.internal.TestMethodWorker.run(TestMethodWorker.java:128)
at java.util.concurrent.ThreadPoolExecutor.runWorker(ThreadPoolExecutor.java:1149)
at java.util.concurrent.ThreadPoolExecutor$Worker.run(ThreadPoolExecutor.java:624)
at java.lang.Thread.run(Thread.java:748)
]]>
    </failure>
  </testcase> <!-- CheckValidationOfRegisterForm -->
  <testcase name="CheckValidationOfRegisterForm" time="0.865" classname="test.WorkUaRegisterTest"/>
</testsuite> <!-- test.WorkUaRegisterTest -->
